<?xml version="1.0" encoding="utf-8" ?>
<!DOCTYPE html PUBLIC "-//W3C//DTD XHTML 1.0 Strict//EN"
        "http://www.w3.org/TR/xhtml1/DTD/xhtml1-strict.dtd">
<html xmlns="http://www.w3.org/1999/xhtml" xml:lang="" lang="">
<head>
  <title>Test Results Report - TestCase05</title>
  <meta http-equiv="Content-Type" content="text/html;charset=utf-8" />
  <meta name="description" content="TestNG unit test results." />
  <link href="reportng.css" rel="stylesheet" type="text/css" />
    <script type="text/javascript" src="reportng.js"></script>
</head>
<body>
<h1>TestCase05</h1>
<p>
  Test duration: 68.882s
</p>



  <table class="resultsTable">
    <tr><th colspan="3" class="header failed">Failed Tests</th></tr>
          <tr>
        <td colspan="3" class="group">com.first.TestCase05_orderModule</td>
      </tr>
            
<tr>
  <td class="method">
                  enterAddOrder
      </td>
  <td class="duration">
    10.796s
  </td>
  <td class="result">
        
    
        

        <a href="javascript:toggleElement('exception-0', 'block')" title="Click to expand/collapse"><b>org.openqa.selenium.TimeoutException: Timed out after 10 seconds waiting for element to be clickable: By.xpath: /hierarchy/android.widget.FrameLayout/android.widget.LinearLayout/android.widget.FrameLayout/android.widget.LinearLayout/android.widget.FrameLayout/android.widget.LinearLayout/android.widget.FrameLayout[2]/android.widget.RelativeLayout/android.widget.LinearLayout/android.widget.FrameLayout[2]/android.support.v4.view.ViewPager/android.widget.FrameLayout/android.widget.LinearLayout/android.widget.FrameLayout/android.view.ViewGroup/android.widget.FrameLayout/android.widget.FrameLayout[2]/android.widget.LinearLayout/android.widget.LinearLayout/android.widget.FrameLayout/android.widget.ListView/android.widget.FrameLayout[1]/android.support.v7.widget.RecyclerView/android.widget.LinearLayout[1]/android.widget.FrameLayout/android.widget.FrameLayout/android.widget.ImageView<br/>
Build info: version: &apos;2.53.1&apos;, revision: &apos;a36b8b1cd5757287168e54b817830adce9b0158d&apos;, time: &apos;2016-06-30 19:26:09&apos;<br/>
System info: host: &apos;YANGXING7-N2GP4&apos;, ip: &apos;10.96.206.92&apos;, os.name: &apos;Windows 10&apos;, os.arch: &apos;amd64&apos;, os.version: &apos;10.0&apos;, java.version: &apos;1.8.0_191&apos;<br/>
Driver info: io.appium.java_client.android.AndroidDriver<br/>
Capabilities [{app=D:/xxqg/xy.apk, appPackage=cn.xuexi.android, deviceScreenSize=1080x2340, networkConnectionEnabled=true, noReset=true, warnings={}, appWaitActivity=com.alibaba.android.rimet.biz.SplashActivity, databaseEnabled=false, deviceName=a3ede570, platform=LINUX, deviceUDID=a3ede570, appActivity=com.alibaba.android.rimet.biz.SplashActivity, desired={app=D:/xxqg/xy.apk, appPackage=cn.xuexi.android, appActivity=com.alibaba.android.rimet.biz.SplashActivity, noReset=true, platformVersion=9, appWaitActivity=com.alibaba.android.rimet.biz.SplashActivity, platformName=Android, deviceName=a3ede570}, platformVersion=9, webStorageEnabled=false, locationContextEnabled=false, takesScreenshot=true, javascriptEnabled=true, deviceModel=MI CC9 Pro, platformName=Android, deviceManufacturer=Xiaomi}]<br/>
Session ID: 5e8d08ba-fb5b-48be-bcb5-ba6010254643</b></a><br />
    <div class="stackTrace" id="exception-0">
              org.openqa.selenium.support.ui.WebDriverWait.timeoutException(WebDriverWait.java:80)<br />
              org.openqa.selenium.support.ui.FluentWait.until(FluentWait.java:261)<br />
              com.first.CommonUtils.enterAddOrder(CommonUtils.java:215)<br />
              com.first.TestCase05_orderModule.enterAddOrder(TestCase05_orderModule.java:23)<br />
              sun.reflect.NativeMethodAccessorImpl.invoke0(Native Method)<br />
              sun.reflect.NativeMethodAccessorImpl.invoke(NativeMethodAccessorImpl.java:62)<br />
              sun.reflect.DelegatingMethodAccessorImpl.invoke(DelegatingMethodAccessorImpl.java:43)<br />
              java.lang.reflect.Method.invoke(Method.java:498)<br />
              org.testng.internal.MethodInvocationHelper.invokeMethod(MethodInvocationHelper.java:124)<br />
              org.testng.internal.Invoker.invokeMethod(Invoker.java:580)<br />
              org.testng.internal.Invoker.invokeTestMethod(Invoker.java:716)<br />
              org.testng.internal.Invoker.invokeTestMethods(Invoker.java:988)<br />
              org.testng.internal.TestMethodWorker.invokeTestMethods(TestMethodWorker.java:125)<br />
              org.testng.internal.TestMethodWorker.run(TestMethodWorker.java:109)<br />
              org.testng.TestRunner.privateRun(TestRunner.java:648)<br />
              org.testng.TestRunner.run(TestRunner.java:505)<br />
              org.testng.SuiteRunner.runTest(SuiteRunner.java:455)<br />
              org.testng.SuiteRunner.runSequentially(SuiteRunner.java:450)<br />
              org.testng.SuiteRunner.privateRun(SuiteRunner.java:415)<br />
              org.testng.SuiteRunner.run(SuiteRunner.java:364)<br />
              org.testng.SuiteRunnerWorker.runSuite(SuiteRunnerWorker.java:52)<br />
              org.testng.SuiteRunnerWorker.run(SuiteRunnerWorker.java:84)<br />
              org.testng.TestNG.runSuitesSequentially(TestNG.java:1208)<br />
              org.testng.TestNG.runSuitesLocally(TestNG.java:1137)<br />
              org.testng.TestNG.runSuites(TestNG.java:1049)<br />
              org.testng.TestNG.run(TestNG.java:1017)<br />
              org.testng.remote.AbstractRemoteTestNG.run(AbstractRemoteTestNG.java:114)<br />
              org.testng.remote.RemoteTestNG.initAndRun(RemoteTestNG.java:251)<br />
              org.testng.remote.RemoteTestNG.main(RemoteTestNG.java:77)<br />
                    <b>Caused by: </b> <a href="javascript:toggleElement('exception-1', 'block')" title="Click to expand/collapse">org.openqa.selenium.NoSuchElementException: An element could not be located on the page using the given search parameters. (WARNING: The server did not provide any stacktrace information)<br/>
Command duration or timeout: 10.77 seconds<br/>
For documentation on this error, please visit: http://seleniumhq.org/exceptions/no_such_element.html<br/>
Build info: version: &apos;2.53.1&apos;, revision: &apos;a36b8b1cd5757287168e54b817830adce9b0158d&apos;, time: &apos;2016-06-30 19:26:09&apos;<br/>
System info: host: &apos;YANGXING7-N2GP4&apos;, ip: &apos;10.96.206.92&apos;, os.name: &apos;Windows 10&apos;, os.arch: &apos;amd64&apos;, os.version: &apos;10.0&apos;, java.version: &apos;1.8.0_191&apos;<br/>
Driver info: io.appium.java_client.android.AndroidDriver<br/>
Capabilities [{app=D:/xxqg/xy.apk, appPackage=cn.xuexi.android, deviceScreenSize=1080x2340, networkConnectionEnabled=true, noReset=true, warnings={}, appWaitActivity=com.alibaba.android.rimet.biz.SplashActivity, databaseEnabled=false, deviceName=a3ede570, platform=LINUX, deviceUDID=a3ede570, appActivity=com.alibaba.android.rimet.biz.SplashActivity, desired={app=D:/xxqg/xy.apk, appPackage=cn.xuexi.android, appActivity=com.alibaba.android.rimet.biz.SplashActivity, noReset=true, platformVersion=9, appWaitActivity=com.alibaba.android.rimet.biz.SplashActivity, platformName=Android, deviceName=a3ede570}, platformVersion=9, webStorageEnabled=false, locationContextEnabled=false, takesScreenshot=true, javascriptEnabled=true, deviceModel=MI CC9 Pro, platformName=Android, deviceManufacturer=Xiaomi}]<br/>
Session ID: 5e8d08ba-fb5b-48be-bcb5-ba6010254643<br/>
*** Element info: {Using=xpath, value=/hierarchy/android.widget.FrameLayout/android.widget.LinearLayout/android.widget.FrameLayout/android.widget.LinearLayout/android.widget.FrameLayout/android.widget.LinearLayout/android.widget.FrameLayout[2]/android.widget.RelativeLayout/android.widget.LinearLayout/android.widget.FrameLayout[2]/android.support.v4.view.ViewPager/android.widget.FrameLayout/android.widget.LinearLayout/android.widget.FrameLayout/android.view.ViewGroup/android.widget.FrameLayout/android.widget.FrameLayout[2]/android.widget.LinearLayout/android.widget.LinearLayout/android.widget.FrameLayout/android.widget.ListView/android.widget.FrameLayout[1]/android.support.v7.widget.RecyclerView/android.widget.LinearLayout[1]/android.widget.FrameLayout/android.widget.FrameLayout/android.widget.ImageView}</a><br />
        <div class="stackTrace" id="exception-1">
                      sun.reflect.NativeConstructorAccessorImpl.newInstance0(Native Method)<br />
                      sun.reflect.NativeConstructorAccessorImpl.newInstance(NativeConstructorAccessorImpl.java:62)<br />
                      sun.reflect.DelegatingConstructorAccessorImpl.newInstance(DelegatingConstructorAccessorImpl.java:45)<br />
                      java.lang.reflect.Constructor.newInstance(Constructor.java:423)<br />
                      org.openqa.selenium.remote.ErrorHandler.createThrowable(ErrorHandler.java:206)<br />
                      org.openqa.selenium.remote.ErrorHandler.throwIfResponseFailed(ErrorHandler.java:158)<br />
                      org.openqa.selenium.remote.RemoteWebDriver.execute(RemoteWebDriver.java:678)<br />
                      io.appium.java_client.DefaultGenericMobileDriver.execute(DefaultGenericMobileDriver.java:40)<br />
                      io.appium.java_client.AppiumDriver.execute(AppiumDriver.java:1)<br />
                      io.appium.java_client.android.AndroidDriver.execute(AndroidDriver.java:1)<br />
                      org.openqa.selenium.remote.RemoteWebDriver.findElement(RemoteWebDriver.java:363)<br />
                      io.appium.java_client.DefaultGenericMobileDriver.findElement(DefaultGenericMobileDriver.java:56)<br />
                      io.appium.java_client.AppiumDriver.findElement(AppiumDriver.java:1)<br />
                      io.appium.java_client.android.AndroidDriver.findElement(AndroidDriver.java:1)<br />
                      org.openqa.selenium.remote.RemoteWebDriver.findElementByXPath(RemoteWebDriver.java:500)<br />
                      io.appium.java_client.DefaultGenericMobileDriver.findElementByXPath(DefaultGenericMobileDriver.java:134)<br />
                      io.appium.java_client.AppiumDriver.findElementByXPath(AppiumDriver.java:1)<br />
                      io.appium.java_client.android.AndroidDriver.findElementByXPath(AndroidDriver.java:1)<br />
                      org.openqa.selenium.By$ByXPath.findElement(By.java:361)<br />
                      org.openqa.selenium.remote.RemoteWebDriver.findElement(RemoteWebDriver.java:355)<br />
                      io.appium.java_client.DefaultGenericMobileDriver.findElement(DefaultGenericMobileDriver.java:52)<br />
                      io.appium.java_client.AppiumDriver.findElement(AppiumDriver.java:1)<br />
                      io.appium.java_client.android.AndroidDriver.findElement(AndroidDriver.java:1)<br />
                      org.openqa.selenium.support.ui.ExpectedConditions.findElement(ExpectedConditions.java:899)<br />
                      org.openqa.selenium.support.ui.ExpectedConditions.access$000(ExpectedConditions.java:41)<br />
                      org.openqa.selenium.support.ui.ExpectedConditions$7.apply(ExpectedConditions.java:205)<br />
                      org.openqa.selenium.support.ui.ExpectedConditions$7.apply(ExpectedConditions.java:201)<br />
                      org.openqa.selenium.support.ui.ExpectedConditions$22.apply(ExpectedConditions.java:653)<br />
                      org.openqa.selenium.support.ui.ExpectedConditions$22.apply(ExpectedConditions.java:646)<br />
                      org.openqa.selenium.support.ui.FluentWait.until(FluentWait.java:238)<br />
                      com.first.CommonUtils.enterAddOrder(CommonUtils.java:215)<br />
                      com.first.TestCase05_orderModule.enterAddOrder(TestCase05_orderModule.java:23)<br />
                      sun.reflect.NativeMethodAccessorImpl.invoke0(Native Method)<br />
                      sun.reflect.NativeMethodAccessorImpl.invoke(NativeMethodAccessorImpl.java:62)<br />
                      sun.reflect.DelegatingMethodAccessorImpl.invoke(DelegatingMethodAccessorImpl.java:43)<br />
                      java.lang.reflect.Method.invoke(Method.java:498)<br />
                      org.testng.internal.MethodInvocationHelper.invokeMethod(MethodInvocationHelper.java:124)<br />
                      org.testng.internal.Invoker.invokeMethod(Invoker.java:580)<br />
                      org.testng.internal.Invoker.invokeTestMethod(Invoker.java:716)<br />
                      org.testng.internal.Invoker.invokeTestMethods(Invoker.java:988)<br />
                      org.testng.internal.TestMethodWorker.invokeTestMethods(TestMethodWorker.java:125)<br />
                      org.testng.internal.TestMethodWorker.run(TestMethodWorker.java:109)<br />
                      org.testng.TestRunner.privateRun(TestRunner.java:648)<br />
                      org.testng.TestRunner.run(TestRunner.java:505)<br />
                      org.testng.SuiteRunner.runTest(SuiteRunner.java:455)<br />
                      org.testng.SuiteRunner.runSequentially(SuiteRunner.java:450)<br />
                      org.testng.SuiteRunner.privateRun(SuiteRunner.java:415)<br />
                      org.testng.SuiteRunner.run(SuiteRunner.java:364)<br />
                      org.testng.SuiteRunnerWorker.runSuite(SuiteRunnerWorker.java:52)<br />
                      org.testng.SuiteRunnerWorker.run(SuiteRunnerWorker.java:84)<br />
                      org.testng.TestNG.runSuitesSequentially(TestNG.java:1208)<br />
                      org.testng.TestNG.runSuitesLocally(TestNG.java:1137)<br />
                      org.testng.TestNG.runSuites(TestNG.java:1049)<br />
                      org.testng.TestNG.run(TestNG.java:1017)<br />
                      org.testng.remote.AbstractRemoteTestNG.run(AbstractRemoteTestNG.java:114)<br />
                      org.testng.remote.RemoteTestNG.initAndRun(RemoteTestNG.java:251)<br />
                      org.testng.remote.RemoteTestNG.main(RemoteTestNG.java:77)<br />
                  </div>
          </div>
      </td>
</tr>
      </table>

  <table class="resultsTable" width="100%">
    <tr><th colspan="3" class="header skipped">Skipped Tests</th></tr>
          <tr>
        <td colspan="3" class="group">com.first.TestCase05_orderModule</td>
      </tr>
            
<tr>
  <td class="method">
                  chooseOneModule
      </td>
  <td class="duration">
    0.000s
  </td>
  <td class="result">
                             <i>Depends on method(s): </i>
        <span class="dependency">com.first.TestCase05_orderModule.enterAddOrder</span>
                
    
        

      </td>
</tr>
      </table>

  <table class="resultsTable">
    <tr><th colspan="3" class="header passed">Passed Tests</th></tr>
          <tr>
        <td colspan="3" class="group">com.first.TestCase05_orderModule</td>
      </tr>
            
<tr>
  <td class="method">
                  enterOrder
      </td>
  <td class="duration">
    40.374s
  </td>
  <td class="result">
        
    
        

      </td>
</tr>
<tr>
  <td class="method">
                  login
      </td>
  <td class="duration">
    5.881s
  </td>
  <td class="result">
        
    
        

      </td>
</tr>
      </table>
  
</body>
</html>
