<html>
<head>
<title>TestNG:  TestCase11</title>
<link href="../testng.css" rel="stylesheet" type="text/css" />
<link href="../my-testng.css" rel="stylesheet" type="text/css" />

<style type="text/css">
.log { display: none;} 
.stack-trace { display: none;} 
</style>
<script type="text/javascript">
<!--
function flip(e) {
  current = e.style.display;
  if (current == 'block') {
    e.style.display = 'none';
    return 0;
  }
  else {
    e.style.display = 'block';
    return 1;
  }
}

function toggleBox(szDivId, elem, msg1, msg2)
{
  var res = -1;  if (document.getElementById) {
    res = flip(document.getElementById(szDivId));
  }
  else if (document.all) {
    // this is the way old msie versions work
    res = flip(document.all[szDivId]);
  }
  if(elem) {
    if(res == 0) elem.innerHTML = msg1; else elem.innerHTML = msg2;
  }

}

function toggleAllBoxes() {
  if (document.getElementsByTagName) {
    d = document.getElementsByTagName('div');
    for (i = 0; i < d.length; i++) {
      if (d[i].className == 'log') {
        flip(d[i]);
      }
    }
  }
}

// -->
</script>

</head>
<body>
<h2 align='center'>TestCase11</h2><table border='1' align="center">
<tr>
<td>Tests passed/Failed/Skipped:</td><td>0/0/3</td>
</tr><tr>
<td>Started on:</td><td>Thu Oct 29 21:08:32 CST 2020</td>
</tr>
<tr><td>Total time:</td><td>0 seconds (1 ms)</td>
</tr><tr>
<td>Included groups:</td><td></td>
</tr><tr>
<td>Excluded groups:</td><td></td>
</tr>
</table><p/>
<small><i>(Hover the method name to see the test class name)</i></small><p/>
<table width='100%' border='1' class='invocation-failed'>
<tr><td colspan='4' align='center'><b>FAILED CONFIGURATIONS</b></td></tr>
<tr><td><b>Test method</b></td>
<td width="30%"><b>Exception</b></td>
<td width="10%"><b>Time (seconds)</b></td>
<td><b>Instance</b></td>
</tr>
<tr>
<td title='first.TestCase11_watchVideo.SetUp()'><b>SetUp</b><br>Test class: first.TestCase11_watchVideo</td>
<td><div><pre>io.appium.java_client.service.local.InvalidServerInstanceException: Invalid server instance exception has occured: The invalid appium node /Applications/Appium.app/Contents/Resources/app/node_modules/appium/build/lib/main.js has been defined
	at io.appium.java_client.service.local.AppiumServiceBuilder.validateNodeStructure(AppiumServiceBuilder.java:107)
	at io.appium.java_client.service.local.AppiumServiceBuilder.checkAppiumJS(AppiumServiceBuilder.java:290)
	at io.appium.java_client.service.local.AppiumServiceBuilder.createArgs(AppiumServiceBuilder.java:386)
	at org.openqa.selenium.remote.service.DriverService$Builder.build(DriverService.java:299)
	at io.appium.java_client.service.local.AppiumDriverLocalService.buildService(AppiumDriverLocalService.java:74)
	at first.Basic.SetUp(Basic.java:34)
	at first.Runtest.main(Runtest.java:16)
Caused by: java.io.IOException: The node /Applications/Appium.app/Contents/Resources/app/node_modules/appium/build/lib/main.jsdoesn&apos;t exist
	at io.appium.java_client.service.local.AppiumServiceBuilder.validateNodeStructure(AppiumServiceBuilder.java:109)
	... 23 more
... Removed 17 stack frames</pre></div><a href='#' onClick='toggleBox("stack-trace897074030", this, "Click to show all stack frames", "Click to hide stack frames")'>Click to show all stack frames</a>
<div class='stack-trace' id='stack-trace897074030'><pre>io.appium.java_client.service.local.InvalidServerInstanceException: Invalid server instance exception has occured: The invalid appium node /Applications/Appium.app/Contents/Resources/app/node_modules/appium/build/lib/main.js has been defined
	at io.appium.java_client.service.local.AppiumServiceBuilder.validateNodeStructure(AppiumServiceBuilder.java:107)
	at io.appium.java_client.service.local.AppiumServiceBuilder.checkAppiumJS(AppiumServiceBuilder.java:290)
	at io.appium.java_client.service.local.AppiumServiceBuilder.createArgs(AppiumServiceBuilder.java:386)
	at org.openqa.selenium.remote.service.DriverService$Builder.build(DriverService.java:299)
	at io.appium.java_client.service.local.AppiumDriverLocalService.buildService(AppiumDriverLocalService.java:74)
	at first.Basic.SetUp(Basic.java:34)
	at sun.reflect.NativeMethodAccessorImpl.invoke0(Native Method)
	at sun.reflect.NativeMethodAccessorImpl.invoke(NativeMethodAccessorImpl.java:62)
	at sun.reflect.DelegatingMethodAccessorImpl.invoke(DelegatingMethodAccessorImpl.java:43)
	at java.lang.reflect.Method.invoke(Method.java:498)
	at org.testng.internal.MethodInvocationHelper.invokeMethod(MethodInvocationHelper.java:124)
	at org.testng.internal.MethodInvocationHelper.invokeMethodConsideringTimeout(MethodInvocationHelper.java:59)
	at org.testng.internal.Invoker.invokeConfigurationMethod(Invoker.java:451)
	at org.testng.internal.Invoker.invokeConfigurations(Invoker.java:222)
	at org.testng.internal.Invoker.invokeConfigurations(Invoker.java:142)
	at org.testng.SuiteRunner.privateRun(SuiteRunner.java:401)
	at org.testng.SuiteRunner.run(SuiteRunner.java:364)
	at org.testng.SuiteRunnerWorker.runSuite(SuiteRunnerWorker.java:52)
	at org.testng.SuiteRunnerWorker.run(SuiteRunnerWorker.java:84)
	at org.testng.TestNG.runSuitesSequentially(TestNG.java:1187)
	at org.testng.TestNG.runSuitesLocally(TestNG.java:1116)
	at org.testng.TestNG.runSuites(TestNG.java:1028)
	at org.testng.TestNG.run(TestNG.java:996)
	at first.Runtest.main(Runtest.java:16)
Caused by: java.io.IOException: The node /Applications/Appium.app/Contents/Resources/app/node_modules/appium/build/lib/main.jsdoesn&apos;t exist
	at io.appium.java_client.service.local.AppiumServiceBuilder.validateNodeStructure(AppiumServiceBuilder.java:109)
	... 23 more
</pre></div></td>
<td>0</td>
<td>first.TestCase11_watchVideo@32d2fa64</td></tr>
</table><p>
<table width='100%' border='1' class='invocation-skipped'>
<tr><td colspan='4' align='center'><b>SKIPPED TESTS</b></td></tr>
<tr><td><b>Test method</b></td>
<td width="30%"><b>Exception</b></td>
<td width="10%"><b>Time (seconds)</b></td>
<td><b>Instance</b></td>
</tr>
<tr>
<td title='first.TestCase11_watchVideo.enterTheSpecificVideo()'><b>enterTheSpecificVideo</b><br>Test class: first.TestCase11_watchVideo<br>Test method: enterVideo</td>
<td><div><pre>java.lang.Throwable: Method TestCase11_watchVideo.enterTheSpecificVideo()[pri:0, instance:first.TestCase11_watchVideo@32d2fa64] depends on not successfully finished methods
	at first.Runtest.main(Runtest.java:16)
... Removed 15 stack frames</pre></div><a href='#' onClick='toggleBox("stack-trace876213901", this, "Click to show all stack frames", "Click to hide stack frames")'>Click to show all stack frames</a>
<div class='stack-trace' id='stack-trace876213901'><pre>java.lang.Throwable: Method TestCase11_watchVideo.enterTheSpecificVideo()[pri:0, instance:first.TestCase11_watchVideo@32d2fa64] depends on not successfully finished methods
	at org.testng.internal.Invoker.invokeTestMethods(Invoker.java:878)
	at org.testng.internal.TestMethodWorker.invokeTestMethods(TestMethodWorker.java:125)
	at org.testng.internal.TestMethodWorker.run(TestMethodWorker.java:109)
	at org.testng.TestRunner.privateRun(TestRunner.java:648)
	at org.testng.TestRunner.run(TestRunner.java:505)
	at org.testng.SuiteRunner.runTest(SuiteRunner.java:455)
	at org.testng.SuiteRunner.runSequentially(SuiteRunner.java:450)
	at org.testng.SuiteRunner.privateRun(SuiteRunner.java:415)
	at org.testng.SuiteRunner.run(SuiteRunner.java:364)
	at org.testng.SuiteRunnerWorker.runSuite(SuiteRunnerWorker.java:52)
	at org.testng.SuiteRunnerWorker.run(SuiteRunnerWorker.java:84)
	at org.testng.TestNG.runSuitesSequentially(TestNG.java:1187)
	at org.testng.TestNG.runSuitesLocally(TestNG.java:1116)
	at org.testng.TestNG.runSuites(TestNG.java:1028)
	at org.testng.TestNG.run(TestNG.java:996)
	at first.Runtest.main(Runtest.java:16)
</pre></div></td>
<td>0</td>
<td>null</td></tr>
<tr>
<td title='first.TestCase11_watchVideo.enterVideo()'><b>enterVideo</b><br>Test class: first.TestCase11_watchVideo<br>Test method: enterVideo</td>
<td><div><pre>java.lang.Throwable: Method TestCase11_watchVideo.enterVideo()[pri:0, instance:first.TestCase11_watchVideo@32d2fa64] depends on not successfully finished methods
	at first.Runtest.main(Runtest.java:16)
... Removed 15 stack frames</pre></div><a href='#' onClick='toggleBox("stack-trace336484883", this, "Click to show all stack frames", "Click to hide stack frames")'>Click to show all stack frames</a>
<div class='stack-trace' id='stack-trace336484883'><pre>java.lang.Throwable: Method TestCase11_watchVideo.enterVideo()[pri:0, instance:first.TestCase11_watchVideo@32d2fa64] depends on not successfully finished methods
	at org.testng.internal.Invoker.invokeTestMethods(Invoker.java:878)
	at org.testng.internal.TestMethodWorker.invokeTestMethods(TestMethodWorker.java:125)
	at org.testng.internal.TestMethodWorker.run(TestMethodWorker.java:109)
	at org.testng.TestRunner.privateRun(TestRunner.java:648)
	at org.testng.TestRunner.run(TestRunner.java:505)
	at org.testng.SuiteRunner.runTest(SuiteRunner.java:455)
	at org.testng.SuiteRunner.runSequentially(SuiteRunner.java:450)
	at org.testng.SuiteRunner.privateRun(SuiteRunner.java:415)
	at org.testng.SuiteRunner.run(SuiteRunner.java:364)
	at org.testng.SuiteRunnerWorker.runSuite(SuiteRunnerWorker.java:52)
	at org.testng.SuiteRunnerWorker.run(SuiteRunnerWorker.java:84)
	at org.testng.TestNG.runSuitesSequentially(TestNG.java:1187)
	at org.testng.TestNG.runSuitesLocally(TestNG.java:1116)
	at org.testng.TestNG.runSuites(TestNG.java:1028)
	at org.testng.TestNG.run(TestNG.java:996)
	at first.Runtest.main(Runtest.java:16)
</pre></div></td>
<td>0</td>
<td>null</td></tr>
<tr>
<td title='first.TestCase11_watchVideo.login()'><b>login</b><br>Test class: first.TestCase11_watchVideo</td>
<td><div><pre>io.appium.java_client.service.local.InvalidServerInstanceException: Invalid server instance exception has occured: The invalid appium node /Applications/Appium.app/Contents/Resources/app/node_modules/appium/build/lib/main.js has been defined
	at io.appium.java_client.service.local.AppiumServiceBuilder.validateNodeStructure(AppiumServiceBuilder.java:107)
	at io.appium.java_client.service.local.AppiumServiceBuilder.checkAppiumJS(AppiumServiceBuilder.java:290)
	at io.appium.java_client.service.local.AppiumServiceBuilder.createArgs(AppiumServiceBuilder.java:386)
	at org.openqa.selenium.remote.service.DriverService$Builder.build(DriverService.java:299)
	at io.appium.java_client.service.local.AppiumDriverLocalService.buildService(AppiumDriverLocalService.java:74)
	at first.Basic.SetUp(Basic.java:34)
	at first.Runtest.main(Runtest.java:16)
Caused by: java.io.IOException: The node /Applications/Appium.app/Contents/Resources/app/node_modules/appium/build/lib/main.jsdoesn&apos;t exist
	at io.appium.java_client.service.local.AppiumServiceBuilder.validateNodeStructure(AppiumServiceBuilder.java:109)
	... 23 more
... Removed 17 stack frames</pre></div><a href='#' onClick='toggleBox("stack-trace1615039080", this, "Click to show all stack frames", "Click to hide stack frames")'>Click to show all stack frames</a>
<div class='stack-trace' id='stack-trace1615039080'><pre>io.appium.java_client.service.local.InvalidServerInstanceException: Invalid server instance exception has occured: The invalid appium node /Applications/Appium.app/Contents/Resources/app/node_modules/appium/build/lib/main.js has been defined
	at io.appium.java_client.service.local.AppiumServiceBuilder.validateNodeStructure(AppiumServiceBuilder.java:107)
	at io.appium.java_client.service.local.AppiumServiceBuilder.checkAppiumJS(AppiumServiceBuilder.java:290)
	at io.appium.java_client.service.local.AppiumServiceBuilder.createArgs(AppiumServiceBuilder.java:386)
	at org.openqa.selenium.remote.service.DriverService$Builder.build(DriverService.java:299)
	at io.appium.java_client.service.local.AppiumDriverLocalService.buildService(AppiumDriverLocalService.java:74)
	at first.Basic.SetUp(Basic.java:34)
	at sun.reflect.NativeMethodAccessorImpl.invoke0(Native Method)
	at sun.reflect.NativeMethodAccessorImpl.invoke(NativeMethodAccessorImpl.java:62)
	at sun.reflect.DelegatingMethodAccessorImpl.invoke(DelegatingMethodAccessorImpl.java:43)
	at java.lang.reflect.Method.invoke(Method.java:498)
	at org.testng.internal.MethodInvocationHelper.invokeMethod(MethodInvocationHelper.java:124)
	at org.testng.internal.MethodInvocationHelper.invokeMethodConsideringTimeout(MethodInvocationHelper.java:59)
	at org.testng.internal.Invoker.invokeConfigurationMethod(Invoker.java:451)
	at org.testng.internal.Invoker.invokeConfigurations(Invoker.java:222)
	at org.testng.internal.Invoker.invokeConfigurations(Invoker.java:142)
	at org.testng.SuiteRunner.privateRun(SuiteRunner.java:401)
	at org.testng.SuiteRunner.run(SuiteRunner.java:364)
	at org.testng.SuiteRunnerWorker.runSuite(SuiteRunnerWorker.java:52)
	at org.testng.SuiteRunnerWorker.run(SuiteRunnerWorker.java:84)
	at org.testng.TestNG.runSuitesSequentially(TestNG.java:1187)
	at org.testng.TestNG.runSuitesLocally(TestNG.java:1116)
	at org.testng.TestNG.runSuites(TestNG.java:1028)
	at org.testng.TestNG.run(TestNG.java:996)
	at first.Runtest.main(Runtest.java:16)
Caused by: java.io.IOException: The node /Applications/Appium.app/Contents/Resources/app/node_modules/appium/build/lib/main.jsdoesn&apos;t exist
	at io.appium.java_client.service.local.AppiumServiceBuilder.validateNodeStructure(AppiumServiceBuilder.java:109)
	... 23 more
</pre></div></td>
<td>0</td>
<td>first.TestCase11_watchVideo@32d2fa64</td></tr>
</table><p>
</body>
</html>