<?xml version="1.0" encoding="UTF-8"?>
<testsuite name="TestCase03"
           tests="1"
           failures="1"
           errors="0"
           skipped="0"
           time="10.250">
  <properties />
            <testcase name="Step01_EnterModule" time="10.250" classname="com.first.TestCase03">
                <failure type="org.openqa.selenium.NoSuchElementException"
                  message="An element could not be located on the page using the given search parameters. (WARNING: The server did not provide any stacktrace information)
Command duration or timeout: 10.24 seconds
For documentation on this error, please visit: http://seleniumhq.org/exceptions/no_such_element.html
Build info: version: &apos;2.53.1&apos;, revision: &apos;a36b8b1cd5757287168e54b817830adce9b0158d&apos;, time: &apos;2016-06-30 19:26:09&apos;
System info: host: &apos;YANGXING7-N2GP4&apos;, ip: &apos;10.96.206.92&apos;, os.name: &apos;Windows 10&apos;, os.arch: &apos;amd64&apos;, os.version: &apos;10.0&apos;, java.version: &apos;1.8.0_191&apos;
Driver info: io.appium.java_client.android.AndroidDriver
Capabilities [{app=D:/xxqg/xy.apk, appPackage=cn.xuexi.android, deviceScreenSize=1080x2340, networkConnectionEnabled=true, noReset=true, warnings={}, appWaitActivity=com.alibaba.android.rimet.biz.SplashActivity, databaseEnabled=false, deviceName=a3ede570, platform=LINUX, deviceUDID=a3ede570, appActivity=com.alibaba.android.rimet.biz.SplashActivity, desired={app=D:/xxqg/xy.apk, appPackage=cn.xuexi.android, appActivity=com.alibaba.android.rimet.biz.SplashActivity, noReset=true, platformVersion=9, appWaitActivity=com.alibaba.android.rimet.biz.SplashActivity, platformName=Android, deviceName=a3ede570}, platformVersion=9, webStorageEnabled=false, locationContextEnabled=false, takesScreenshot=true, javascriptEnabled=true, deviceModel=MI CC9 Pro, platformName=Android, deviceManufacturer=Xiaomi}]
Session ID: 6fa366fb-5ff8-46d8-9352-8d57faff8771
*** Element info: {Using=xpath, value=//android.widget.FrameLayout[@content-desc=&quot;视听学习&quot;]}"
              >
<![CDATA[org.openqa.selenium.NoSuchElementException: An element could not be located on the page using the given search parameters. (WARNING: The server did not provide any stacktrace information)
Command duration or timeout: 10.24 seconds
For documentation on this error, please visit: http://seleniumhq.org/exceptions/no_such_element.html
Build info: version: '2.53.1', revision: 'a36b8b1cd5757287168e54b817830adce9b0158d', time: '2016-06-30 19:26:09'
System info: host: 'YANGXING7-N2GP4', ip: '10.96.206.92', os.name: 'Windows 10', os.arch: 'amd64', os.version: '10.0', java.version: '1.8.0_191'
Driver info: io.appium.java_client.android.AndroidDriver
Capabilities [{app=D:/xxqg/xy.apk, appPackage=cn.xuexi.android, deviceScreenSize=1080x2340, networkConnectionEnabled=true, noReset=true, warnings={}, appWaitActivity=com.alibaba.android.rimet.biz.SplashActivity, databaseEnabled=false, deviceName=a3ede570, platform=LINUX, deviceUDID=a3ede570, appActivity=com.alibaba.android.rimet.biz.SplashActivity, desired={app=D:/xxqg/xy.apk, appPackage=cn.xuexi.android, appActivity=com.alibaba.android.rimet.biz.SplashActivity, noReset=true, platformVersion=9, appWaitActivity=com.alibaba.android.rimet.biz.SplashActivity, platformName=Android, deviceName=a3ede570}, platformVersion=9, webStorageEnabled=false, locationContextEnabled=false, takesScreenshot=true, javascriptEnabled=true, deviceModel=MI CC9 Pro, platformName=Android, deviceManufacturer=Xiaomi}]
Session ID: 6fa366fb-5ff8-46d8-9352-8d57faff8771
*** Element info: {Using=xpath, value=//android.widget.FrameLayout[@content-desc="视听学习"]}
  sun.reflect.NativeConstructorAccessorImpl.newInstance0(Native Method)
  sun.reflect.NativeConstructorAccessorImpl.newInstance(NativeConstructorAccessorImpl.java:62)
  sun.reflect.DelegatingConstructorAccessorImpl.newInstance(DelegatingConstructorAccessorImpl.java:45)
  java.lang.reflect.Constructor.newInstance(Constructor.java:423)
  org.openqa.selenium.remote.ErrorHandler.createThrowable(ErrorHandler.java:206)
  org.openqa.selenium.remote.ErrorHandler.throwIfResponseFailed(ErrorHandler.java:158)
  org.openqa.selenium.remote.RemoteWebDriver.execute(RemoteWebDriver.java:678)
  io.appium.java_client.DefaultGenericMobileDriver.execute(DefaultGenericMobileDriver.java:40)
  io.appium.java_client.AppiumDriver.execute(AppiumDriver.java:1)
  io.appium.java_client.android.AndroidDriver.execute(AndroidDriver.java:1)
  org.openqa.selenium.remote.RemoteWebDriver.findElement(RemoteWebDriver.java:363)
  io.appium.java_client.DefaultGenericMobileDriver.findElement(DefaultGenericMobileDriver.java:56)
  io.appium.java_client.AppiumDriver.findElement(AppiumDriver.java:1)
  io.appium.java_client.android.AndroidDriver.findElement(AndroidDriver.java:1)
  org.openqa.selenium.remote.RemoteWebDriver.findElementByXPath(RemoteWebDriver.java:500)
  io.appium.java_client.DefaultGenericMobileDriver.findElementByXPath(DefaultGenericMobileDriver.java:134)
  io.appium.java_client.AppiumDriver.findElementByXPath(AppiumDriver.java:1)
  io.appium.java_client.android.AndroidDriver.findElementByXPath(AndroidDriver.java:1)
  com.first.CommonUtils.clickListenAndLearn(CommonUtils.java:174)
  com.first.TestCase03.Step01_EnterModule(TestCase03.java:14)
  sun.reflect.NativeMethodAccessorImpl.invoke0(Native Method)
  sun.reflect.NativeMethodAccessorImpl.invoke(NativeMethodAccessorImpl.java:62)
  sun.reflect.DelegatingMethodAccessorImpl.invoke(DelegatingMethodAccessorImpl.java:43)
  java.lang.reflect.Method.invoke(Method.java:498)
  org.testng.internal.MethodInvocationHelper.invokeMethod(MethodInvocationHelper.java:124)
  org.testng.internal.Invoker.invokeMethod(Invoker.java:580)
  org.testng.internal.Invoker.invokeTestMethod(Invoker.java:716)
  org.testng.internal.Invoker.invokeTestMethods(Invoker.java:988)
  org.testng.internal.TestMethodWorker.invokeTestMethods(TestMethodWorker.java:125)
  org.testng.internal.TestMethodWorker.run(TestMethodWorker.java:109)
  org.testng.TestRunner.privateRun(TestRunner.java:648)
  org.testng.TestRunner.run(TestRunner.java:505)
  org.testng.SuiteRunner.runTest(SuiteRunner.java:455)
  org.testng.SuiteRunner.runSequentially(SuiteRunner.java:450)
  org.testng.SuiteRunner.privateRun(SuiteRunner.java:415)
  org.testng.SuiteRunner.run(SuiteRunner.java:364)
  org.testng.SuiteRunnerWorker.runSuite(SuiteRunnerWorker.java:52)
  org.testng.SuiteRunnerWorker.run(SuiteRunnerWorker.java:84)
  org.testng.TestNG.runSuitesSequentially(TestNG.java:1208)
  org.testng.TestNG.runSuitesLocally(TestNG.java:1137)
  org.testng.TestNG.runSuites(TestNG.java:1049)
  org.testng.TestNG.run(TestNG.java:1017)
  org.testng.remote.AbstractRemoteTestNG.run(AbstractRemoteTestNG.java:114)
  org.testng.remote.RemoteTestNG.initAndRun(RemoteTestNG.java:251)
  org.testng.remote.RemoteTestNG.main(RemoteTestNG.java:77)
]]>
      </failure>

          </testcase>
  
  
  
</testsuite>
