<?xml version="1.0" encoding="UTF-8"?>
<!-- Generated by org.testng.reporters.JUnitReportReporter -->
<testsuite skipped="0" hostname="YANGXING7-N2GP4" name="com.first.TestCase03" tests="1" failures="0" timestamp="20 六月 2019 02:50:54 GMT" time="0.205" errors="1">
  <testcase name="Step01_EnterModule" time="0.205" classname="com.first.TestCase03">
    <error type="org.openqa.selenium.NoSuchElementException" message="An element could not be located on the page using the given search parameters. (WARNING: The server did not provide any stacktrace information)
Command duration or timeout: 203 milliseconds
For documentation on this error, please visit: http://seleniumhq.org/exceptions/no_such_element.html
Build info: version: &#039;2.53.1&#039;, revision: &#039;a36b8b1cd5757287168e54b817830adce9b0158d&#039;, time: &#039;2016-06-30 19:26:09&#039;
System info: host: &#039;YANGXING7-N2GP4&#039;, ip: &#039;10.112.84.55&#039;, os.name: &#039;Windows 10&#039;, os.arch: &#039;amd64&#039;, os.version: &#039;10.0&#039;, java.version: &#039;1.8.0_191&#039;
Driver info: io.appium.java_client.android.AndroidDriver
Capabilities [{app=D:/xxqg/xuexi.apk, appPackage=cn.xuexi.android, deviceScreenSize=1080x1920, networkConnectionEnabled=true, noReset=true, warnings={}, appWaitActivity=com.alibaba.android.rimet.biz.SplashActivity, databaseEnabled=false, deviceName=WTKDU16C12004013, platform=LINUX, deviceUDID=WTKDU16C12004013, appActivity=com.alibaba.android.rimet.biz.SplashActivity, desired={app=D:/xxqg/xuexi.apk, appPackage=cn.xuexi.android, appActivity=com.alibaba.android.rimet.biz.SplashActivity, noReset=true, platformVersion=8.0.0, appWaitActivity=com.alibaba.android.rimet.biz.SplashActivity, platformName=Android, deviceName=WTKDU16C12004013}, platformVersion=8.0.0, webStorageEnabled=false, locationContextEnabled=false, takesScreenshot=true, javascriptEnabled=true, deviceModel=FRD-AL00, platformName=Android, deviceManufacturer=HUAWEI}]
Session ID: 0ee06fec-e0af-4174-b273-8457049c50c4
*** Element info: {Using=xpath, value=//android.widget.FrameLayout[@content-desc=&quot;视听学习&quot;]}">
      <![CDATA[org.openqa.selenium.NoSuchElementException: An element could not be located on the page using the given search parameters. (WARNING: The server did not provide any stacktrace information)
Command duration or timeout: 203 milliseconds
For documentation on this error, please visit: http://seleniumhq.org/exceptions/no_such_element.html
Build info: version: '2.53.1', revision: 'a36b8b1cd5757287168e54b817830adce9b0158d', time: '2016-06-30 19:26:09'
System info: host: 'YANGXING7-N2GP4', ip: '10.112.84.55', os.name: 'Windows 10', os.arch: 'amd64', os.version: '10.0', java.version: '1.8.0_191'
Driver info: io.appium.java_client.android.AndroidDriver
Capabilities [{app=D:/xxqg/xuexi.apk, appPackage=cn.xuexi.android, deviceScreenSize=1080x1920, networkConnectionEnabled=true, noReset=true, warnings={}, appWaitActivity=com.alibaba.android.rimet.biz.SplashActivity, databaseEnabled=false, deviceName=WTKDU16C12004013, platform=LINUX, deviceUDID=WTKDU16C12004013, appActivity=com.alibaba.android.rimet.biz.SplashActivity, desired={app=D:/xxqg/xuexi.apk, appPackage=cn.xuexi.android, appActivity=com.alibaba.android.rimet.biz.SplashActivity, noReset=true, platformVersion=8.0.0, appWaitActivity=com.alibaba.android.rimet.biz.SplashActivity, platformName=Android, deviceName=WTKDU16C12004013}, platformVersion=8.0.0, webStorageEnabled=false, locationContextEnabled=false, takesScreenshot=true, javascriptEnabled=true, deviceModel=FRD-AL00, platformName=Android, deviceManufacturer=HUAWEI}]
Session ID: 0ee06fec-e0af-4174-b273-8457049c50c4
*** Element info: {Using=xpath, value=//android.widget.FrameLayout[@content-desc="视听学习"]}
at sun.reflect.NativeConstructorAccessorImpl.newInstance0(Native Method)
at sun.reflect.NativeConstructorAccessorImpl.newInstance(NativeConstructorAccessorImpl.java:62)
at sun.reflect.DelegatingConstructorAccessorImpl.newInstance(DelegatingConstructorAccessorImpl.java:45)
at java.lang.reflect.Constructor.newInstance(Constructor.java:423)
at org.openqa.selenium.remote.ErrorHandler.createThrowable(ErrorHandler.java:206)
at org.openqa.selenium.remote.ErrorHandler.throwIfResponseFailed(ErrorHandler.java:158)
at org.openqa.selenium.remote.RemoteWebDriver.execute(RemoteWebDriver.java:678)
at io.appium.java_client.DefaultGenericMobileDriver.execute(DefaultGenericMobileDriver.java:40)
at io.appium.java_client.AppiumDriver.execute(AppiumDriver.java:1)
at io.appium.java_client.android.AndroidDriver.execute(AndroidDriver.java:1)
at org.openqa.selenium.remote.RemoteWebDriver.findElement(RemoteWebDriver.java:363)
at io.appium.java_client.DefaultGenericMobileDriver.findElement(DefaultGenericMobileDriver.java:56)
at io.appium.java_client.AppiumDriver.findElement(AppiumDriver.java:1)
at io.appium.java_client.android.AndroidDriver.findElement(AndroidDriver.java:1)
at org.openqa.selenium.remote.RemoteWebDriver.findElementByXPath(RemoteWebDriver.java:500)
at io.appium.java_client.DefaultGenericMobileDriver.findElementByXPath(DefaultGenericMobileDriver.java:134)
at io.appium.java_client.AppiumDriver.findElementByXPath(AppiumDriver.java:1)
at io.appium.java_client.android.AndroidDriver.findElementByXPath(AndroidDriver.java:1)
at com.first.CommonUtils.clickListenAndLearn(CommonUtils.java:125)
at com.first.TestCase03.Step01_EnterModule(TestCase03.java:14)
at sun.reflect.NativeMethodAccessorImpl.invoke0(Native Method)
at sun.reflect.NativeMethodAccessorImpl.invoke(NativeMethodAccessorImpl.java:62)
at sun.reflect.DelegatingMethodAccessorImpl.invoke(DelegatingMethodAccessorImpl.java:43)
at java.lang.reflect.Method.invoke(Method.java:498)
at org.testng.internal.MethodInvocationHelper.invokeMethod(MethodInvocationHelper.java:124)
at org.testng.internal.Invoker.invokeMethod(Invoker.java:580)
at org.testng.internal.Invoker.invokeTestMethod(Invoker.java:716)
at org.testng.internal.Invoker.invokeTestMethods(Invoker.java:988)
at org.testng.internal.TestMethodWorker.invokeTestMethods(TestMethodWorker.java:125)
at org.testng.internal.TestMethodWorker.run(TestMethodWorker.java:109)
at org.testng.TestRunner.privateRun(TestRunner.java:648)
at org.testng.TestRunner.run(TestRunner.java:505)
at org.testng.SuiteRunner.runTest(SuiteRunner.java:455)
at org.testng.SuiteRunner.runSequentially(SuiteRunner.java:450)
at org.testng.SuiteRunner.privateRun(SuiteRunner.java:415)
at org.testng.SuiteRunner.run(SuiteRunner.java:364)
at org.testng.SuiteRunnerWorker.runSuite(SuiteRunnerWorker.java:52)
at org.testng.SuiteRunnerWorker.run(SuiteRunnerWorker.java:84)
at org.testng.TestNG.runSuitesSequentially(TestNG.java:1208)
at org.testng.TestNG.runSuitesLocally(TestNG.java:1137)
at org.testng.TestNG.runSuites(TestNG.java:1049)
at org.testng.TestNG.run(TestNG.java:1017)
at org.testng.remote.AbstractRemoteTestNG.run(AbstractRemoteTestNG.java:114)
at org.testng.remote.RemoteTestNG.initAndRun(RemoteTestNG.java:251)
at org.testng.remote.RemoteTestNG.main(RemoteTestNG.java:77)
]]>
    </error>
  </testcase> <!-- Step01_EnterModule -->
</testsuite> <!-- com.first.TestCase03 -->
